<?xml version="1.0" encoding="UTF-8"?>
<testsuite xmlns:xsi="http://www.w3.org/2001/XMLSchema-instance" xsi:noNamespaceSchemaLocation="https://maven.apache.org/surefire/maven-surefire-plugin/xsd/surefire-test-report-3.0.xsd" version="3.0" name="com.example.backend_java.BackEndJavaApplicationTests" time="5.845" tests="1" errors="0" skipped="0" failures="0">
  <properties>
[...]
</properties>
  <testcase name="contextLoads" classname="com.example.backend_java.BackEndJavaApplicationTests" time="0.032">
    <system-out><![CDATA[21:28:02.679 [main] INFO org.springframework.test.context.support.AnnotationConfigContextLoaderUtils -- Could not detect default configuration classes for test class [com.example.backend_java.BackEndJavaApplicationTests]: BackEndJavaApplicationTests does not declare any static, non-private, non-final, nested classes annotated with @Configuration.
21:28:02.739 [main] INFO org.springframework.boot.test.context.SpringBootTestContextBootstrapper -- Found @SpringBootConfiguration com.example.backend_java.BackEndJavaApplication for test class com.example.backend_java.BackEndJavaApplicationTests
    ____             __                  __                        _         
   / __ )____ ______/ /_____  ____  ____/ /  ________  ______   __(_)_______ 
  / __  / __ `/ ___/ //_/ _ \/ __ \/ __  /  / ___/ _ \/ ___/ | / / / ___/ _ \
 / /_/ / /_/ / /__/ ,< /  __/ / / / /_/ /  (__  )  __/ /   | |/ / / /__/  __/
/_____/\__,_/\___/_/|_|\___/_/ /_/\__,_/  /____/\___/_/    |___/_/\___/\___/ 
                                                                             
2025-06-20T21:28:03.056+07:00  INFO 8875 --- [BackEnd_Java] [           main] c.e.b.BackEndJavaApplicationTests        : Starting BackEndJavaApplicationTests using Java 17.0.15 with PID 8875 (started by manhkd in /home/manhkd/IdeaProjects/BackEnd_Java)
2025-06-20T21:28:03.059+07:00  INFO 8875 --- [BackEnd_Java] [           main] c.e.b.BackEndJavaApplicationTests        : The following 1 profile is active: "dev"
2025-06-20T21:28:04.002+07:00  INFO 8875 --- [BackEnd_Java] [           main] .s.d.r.c.RepositoryConfigurationDelegate : Bootstrapping Spring Data JPA repositories in DEFAULT mode.
2025-06-20T21:28:04.061+07:00  INFO 8875 --- [BackEnd_Java] [           main] .s.d.r.c.RepositoryConfigurationDelegate : Finished Spring Data repository scanning in 52 ms. Found 2 JPA repository interfaces.
2025-06-20T21:28:04.646+07:00  INFO 8875 --- [BackEnd_Java] [           main] com.zaxxer.hikari.HikariDataSource       : HikariPool-1 - Starting...
2025-06-20T21:28:04.784+07:00  INFO 8875 --- [BackEnd_Java] [           main] com.zaxxer.hikari.pool.HikariPool        : HikariPool-1 - Added connection com.mysql.cj.jdbc.ConnectionImpl@4ccdacf5
2025-06-20T21:28:04.786+07:00  INFO 8875 --- [BackEnd_Java] [           main] com.zaxxer.hikari.HikariDataSource       : HikariPool-1 - Start completed.
2025-06-20T21:28:04.817+07:00  INFO 8875 --- [BackEnd_Java] [           main] o.hibernate.jpa.internal.util.LogHelper  : HHH000204: Processing PersistenceUnitInfo [name: default]
2025-06-20T21:28:04.849+07:00  INFO 8875 --- [BackEnd_Java] [           main] org.hibernate.Version                    : HHH000412: Hibernate ORM core version 6.4.4.Final
2025-06-20T21:28:04.880+07:00  INFO 8875 --- [BackEnd_Java] [           main] o.h.c.internal.RegionFactoryInitiator    : HHH000026: Second-level cache disabled
2025-06-20T21:28:05.052+07:00  INFO 8875 --- [BackEnd_Java] [           main] o.s.o.j.p.SpringPersistenceUnitInfo      : No LoadTimeWeaver setup: ignoring JPA class transformer
2025-06-20T21:28:05.745+07:00  INFO 8875 --- [BackEnd_Java] [           main] o.h.e.t.j.p.i.JtaPlatformInitiator       : HHH000489: No JTA platform available (set 'hibernate.transaction.jta.platform' to enable JTA platform integration)
2025-06-20T21:28:05.747+07:00  INFO 8875 --- [BackEnd_Java] [           main] j.LocalContainerEntityManagerFactoryBean : Initialized JPA EntityManagerFactory for persistence unit 'default'
2025-06-20T21:28:05.993+07:00  INFO 8875 --- [BackEnd_Java] [           main] o.s.d.j.r.query.QueryEnhancerFactory     : Hibernate is in classpath; If applicable, HQL parser will be used.
2025-06-20T21:28:06.563+07:00  WARN 8875 --- [BackEnd_Java] [           main] JpaBaseConfiguration$JpaWebConfiguration : spring.jpa.open-in-view is enabled by default. Therefore, database queries may be performed during view rendering. Explicitly configure spring.jpa.open-in-view to disable this warning
2025-06-20T21:28:06.612+07:00  WARN 8875 --- [BackEnd_Java] [           main] .s.s.UserDetailsServiceAutoConfiguration : 

Using generated security password: 1bcfb9da-a53e-426b-b355-f53d0d3f87b8

This generated password is for development use only. Your security configuration must be updated before running your application in production.

2025-06-20T21:28:07.209+07:00  INFO 8875 --- [BackEnd_Java] [           main] o.s.b.a.e.web.EndpointLinksResolver      : Exposing 13 endpoint(s) beneath base path '/actuator'
2025-06-20T21:28:07.289+07:00  INFO 8875 --- [BackEnd_Java] [           main] o.s.s.web.DefaultSecurityFilterChain     : Will secure any request with [org.springframework.security.web.session.DisableEncodeUrlFilter@6a82d4b4, org.springframework.security.web.context.request.async.WebAsyncManagerIntegrationFilter@492a54b4, org.springframework.security.web.context.SecurityContextHolderFilter@1b9b8759, org.springframework.security.web.header.HeaderWriterFilter@37711f1a, org.springframework.web.filter.CorsFilter@4a5f435b, org.springframework.security.web.authentication.logout.LogoutFilter@697c9218, org.springframework.security.web.savedrequest.RequestCacheAwareFilter@3094b465, org.springframework.security.web.servletapi.SecurityContextHolderAwareRequestFilter@2c43da32, org.springframework.security.web.authentication.AnonymousAuthenticationFilter@6b021959, org.springframework.security.web.session.SessionManagementFilter@281e2377, org.springframework.security.web.access.ExceptionTranslationFilter@ccdd8a6, org.springframework.security.web.access.intercept.AuthorizationFilter@5901caf8]
2025-06-20T21:28:07.849+07:00  WARN 8875 --- [BackEnd_Java] [           main] o.s.s.c.a.web.builders.WebSecurity       : You are asking Spring Security to ignore Ant [pattern='/actuator/**']. This is not recommended -- please use permitAll via HttpSecurity#authorizeHttpRequests instead.
2025-06-20T21:28:07.850+07:00  INFO 8875 --- [BackEnd_Java] [           main] o.s.s.web.DefaultSecurityFilterChain     : Will not secure Ant [pattern='/actuator/**']
2025-06-20T21:28:07.850+07:00  WARN 8875 --- [BackEnd_Java] [           main] o.s.s.c.a.web.builders.WebSecurity       : You are asking Spring Security to ignore Ant [pattern='/v3/**']. This is not recommended -- please use permitAll via HttpSecurity#authorizeHttpRequests instead.
2025-06-20T21:28:07.850+07:00  INFO 8875 --- [BackEnd_Java] [           main] o.s.s.web.DefaultSecurityFilterChain     : Will not secure Ant [pattern='/v3/**']
2025-06-20T21:28:07.850+07:00  WARN 8875 --- [BackEnd_Java] [           main] o.s.s.c.a.web.builders.WebSecurity       : You are asking Spring Security to ignore Ant [pattern='/webjars/**']. This is not recommended -- please use permitAll via HttpSecurity#authorizeHttpRequests instead.
2025-06-20T21:28:07.850+07:00  INFO 8875 --- [BackEnd_Java] [           main] o.s.s.web.DefaultSecurityFilterChain     : Will not secure Ant [pattern='/webjars/**']
2025-06-20T21:28:07.850+07:00  WARN 8875 --- [BackEnd_Java] [           main] o.s.s.c.a.web.builders.WebSecurity       : You are asking Spring Security to ignore Ant [pattern='/swagger-ui*/*swagger-initializer.js']. This is not recommended -- please use permitAll via HttpSecurity#authorizeHttpRequests instead.
2025-06-20T21:28:07.850+07:00  INFO 8875 --- [BackEnd_Java] [           main] o.s.s.web.DefaultSecurityFilterChain     : Will not secure Ant [pattern='/swagger-ui*/*swagger-initializer.js']
2025-06-20T21:28:07.850+07:00  WARN 8875 --- [BackEnd_Java] [           main] o.s.s.c.a.web.builders.WebSecurity       : You are asking Spring Security to ignore Ant [pattern='/swagger-ui*/**']. This is not recommended -- please use permitAll via HttpSecurity#authorizeHttpRequests instead.
2025-06-20T21:28:07.850+07:00  INFO 8875 --- [BackEnd_Java] [           main] o.s.s.web.DefaultSecurityFilterChain     : Will not secure Ant [pattern='/swagger-ui*/**']
2025-06-20T21:28:07.850+07:00  WARN 8875 --- [BackEnd_Java] [           main] o.s.s.c.a.web.builders.WebSecurity       : You are asking Spring Security to ignore Ant [pattern='/favicon.ico']. This is not recommended -- please use permitAll via HttpSecurity#authorizeHttpRequests instead.
2025-06-20T21:28:07.851+07:00  INFO 8875 --- [BackEnd_Java] [           main] o.s.s.web.DefaultSecurityFilterChain     : Will not secure Ant [pattern='/favicon.ico']
2025-06-20T21:28:07.944+07:00  INFO 8875 --- [BackEnd_Java] [           main] c.e.b.BackEndJavaApplicationTests        : Started BackEndJavaApplicationTests in 5.114 seconds (process running for 5.717)
]]></system-out>
  </testcase>
</testsuite>